<?xml version="1.0" encoding="UTF-8"?>
<!-- Generated by org.testng.reporters.JUnitXMLReporter -->
<testsuite ignored="0" hostname="CAP-LAP-894" failures="3" tests="14" name="Test" time="495.338" errors="0" timestamp="2021-07-06T11:03:43 IST">
  <testcase classname="com.bryne.qa.testcases.MyInfoPageTest" name="validateEditMyInfoButtonFunctionality" time="9.174"/>
  <testcase classname="com.bryne.qa.testcases.MyInfoPageTest" name="validateFieldValues" time="5.085">
    <failure type="java.lang.AssertionError" message="expected [Tomtesting] but found [Oggy]">
      <![CDATA[java.lang.AssertionError: expected [Tomtesting] but found [Oggy]
at com.bryne.qa.testcases.MyInfoPageTest.validateFieldValues(MyInfoPageTest.java:48)
at java.base/java.util.ArrayList.forEach(ArrayList.java:1511)
... Removed 32 stack frames]]>
    </failure>
  </testcase> <!-- validateFieldValues -->
  <testcase classname="com.bryne.qa.testcases.MyInfoPageTest" name="validateTitle" time="0.114"/>
  <testcase classname="com.bryne.qa.testcases.LoginPageTest" name="LoginLogoTest" time="0.303"/>
  <testcase classname="com.bryne.qa.testcases.DashboardPageTest" name="validateOrderButtonBehaviorTest" time="10.142"/>
  <testcase classname="com.bryne.qa.testcases.OtpPageTest" name="completeLoginFlowTest" time="16.569">
    <failure type="org.openqa.selenium.NoSuchElementException" message="no such element: Unable to locate element: {&amp;quot;method&amp;quot;:&amp;quot;xpath&amp;quot;,&amp;quot;selector&amp;quot;:&amp;quot;//div[contains(text(),&amp;apos;Welcome, Tomtesting Something! &amp;apos;)]&amp;quot;}
  (Session info: chrome=91.0.4472.124)
For documentation on this error, please visit: https://www.seleniumhq.org/exceptions/no_such_element.html
Build info: version: &amp;apos;3.141.59&amp;apos;, revision: &amp;apos;e82be7d358&amp;apos;, time: &amp;apos;2018-11-14T08:17:03&amp;apos;
System info: host: &amp;apos;CAP-LAP-894&amp;apos;, ip: &amp;apos;192.168.43.230&amp;apos;, os.name: &amp;apos;Windows 10&amp;apos;, os.arch: &amp;apos;amd64&amp;apos;, os.version: &amp;apos;10.0&amp;apos;, java.version: &amp;apos;15.0.1&amp;apos;
Driver info: org.openqa.selenium.chrome.ChromeDriver
Capabilities {acceptInsecureCerts: false, browserName: chrome, browserVersion: 91.0.4472.124, chrome: {chromedriverVersion: 90.0.4430.24 (4c6d850f087da..., userDataDir: C:\Users\Abhishek\AppData\L...}, goog:chromeOptions: {debuggerAddress: localhost:58092}, javascriptEnabled: true, networkConnectionEnabled: false, pageLoadStrategy: normal, platform: WINDOWS, platformName: WINDOWS, proxy: Proxy(), setWindowRect: true, strictFileInteractability: false, timeouts: {implicit: 0, pageLoad: 300000, script: 30000}, unhandledPromptBehavior: dismiss and notify, webauthn:extension:largeBlob: true, webauthn:virtualAuthenticators: true}
Session ID: 6c45b280fb410cd7587fde272fde58a1
*** Element info: {Using=xpath, value=//div[contains(text(),&amp;apos;Welcome, Tomtesting Something! &amp;apos;)]}">
      <![CDATA[org.openqa.selenium.NoSuchElementException: no such element: Unable to locate element: {"method":"xpath","selector":"//div[contains(text(),'Welcome, Tomtesting Something! ')]"}
  (Session info: chrome=91.0.4472.124)
For documentation on this error, please visit: https://www.seleniumhq.org/exceptions/no_such_element.html
Build info: version: '3.141.59', revision: 'e82be7d358', time: '2018-11-14T08:17:03'
System info: host: 'CAP-LAP-894', ip: '192.168.43.230', os.name: 'Windows 10', os.arch: 'amd64', os.version: '10.0', java.version: '15.0.1'
Driver info: org.openqa.selenium.chrome.ChromeDriver
Capabilities {acceptInsecureCerts: false, browserName: chrome, browserVersion: 91.0.4472.124, chrome: {chromedriverVersion: 90.0.4430.24 (4c6d850f087da..., userDataDir: C:\Users\Abhishek\AppData\L...}, goog:chromeOptions: {debuggerAddress: localhost:58092}, javascriptEnabled: true, networkConnectionEnabled: false, pageLoadStrategy: normal, platform: WINDOWS, platformName: WINDOWS, proxy: Proxy(), setWindowRect: true, strictFileInteractability: false, timeouts: {implicit: 0, pageLoad: 300000, script: 30000}, unhandledPromptBehavior: dismiss and notify, webauthn:extension:largeBlob: true, webauthn:virtualAuthenticators: true}
Session ID: 6c45b280fb410cd7587fde272fde58a1
*** Element info: {Using=xpath, value=//div[contains(text(),'Welcome, Tomtesting Something! ')]}
at org.openqa.selenium.remote.http.W3CHttpResponseCodec.createException(W3CHttpResponseCodec.java:187)
at org.openqa.selenium.remote.http.W3CHttpResponseCodec.decode(W3CHttpResponseCodec.java:122)
at org.openqa.selenium.remote.http.W3CHttpResponseCodec.decode(W3CHttpResponseCodec.java:49)
at org.openqa.selenium.remote.HttpCommandExecutor.execute(HttpCommandExecutor.java:158)
at org.openqa.selenium.remote.service.DriverCommandExecutor.execute(DriverCommandExecutor.java:83)
at org.openqa.selenium.remote.RemoteWebDriver.execute(RemoteWebDriver.java:552)
at org.openqa.selenium.remote.RemoteWebDriver.findElement(RemoteWebDriver.java:323)
at org.openqa.selenium.remote.RemoteWebDriver.findElementByXPath(RemoteWebDriver.java:428)
at org.openqa.selenium.By$ByXPath.findElement(By.java:353)
at org.openqa.selenium.remote.RemoteWebDriver.findElement(RemoteWebDriver.java:315)
at org.openqa.selenium.support.pagefactory.DefaultElementLocator.findElement(DefaultElementLocator.java:69)
at org.openqa.selenium.support.pagefactory.internal.LocatingElementHandler.invoke(LocatingElementHandler.java:38)
at com.sun.proxy.$Proxy12.getText(Unknown Source)
at com.bryne.qa.pages.LandingPage.verifyUserLoggedIn(LandingPage.java:50)
at com.bryne.qa.testcases.OtpPageTest.completeLoginFlowTest(OtpPageTest.java:42)
at java.base/java.util.ArrayList.forEach(ArrayList.java:1511)
... Removed 32 stack frames]]>
    </failure>
  </testcase> <!-- completeLoginFlowTest -->
  <testcase classname="com.bryne.qa.testcases.UpdateDetailsPageTest" name="updateAddressTest" time="8.999">
    <failure type="java.lang.AssertionError" message="expected [Sector 2 ,HSR Layout] but found []">
      <![CDATA[java.lang.AssertionError: expected [Sector 2 ,HSR Layout] but found []
at com.bryne.qa.testcases.UpdateDetailsPageTest.updateAddressTest(UpdateDetailsPageTest.java:92)
at java.base/java.util.ArrayList.forEach(ArrayList.java:1511)
... Removed 32 stack frames]]>
    </failure>
  </testcase> <!-- updateAddressTest -->
  <testcase classname="com.bryne.qa.testcases.UpdateDetailsPageTest" name="updateBusinessPhoneTest" time="8.065"/>
  <testcase classname="com.bryne.qa.testcases.UpdateDetailsPageTest" name="updateCityTest" time="5.778"/>
  <testcase classname="com.bryne.qa.testcases.UpdateDetailsPageTest" name="updateFirstNameTest" time="5.345"/>
  <testcase classname="com.bryne.qa.testcases.UpdateDetailsPageTest" name="updateLastNameTest" time="5.468"/>
  <testcase classname="com.bryne.qa.testcases.UpdateDetailsPageTest" name="updateStateTest" time="5.463"/>
  <testcase classname="com.bryne.qa.testcases.UpdateDetailsPageTest" name="updateZipTest" time="5.564"/>
  <testcase classname="com.bryne.qa.testcases.LandingPageTest" name="validateMyInfoViaLinkTest" time="5.159"/>
</testsuite> <!-- Test -->
