<?xml version="1.0" encoding="UTF-8"?>
<!-- Generated by org.testng.reporters.JUnitXMLReporter -->
<testsuite ignored="0" hostname="CAP-LAP-894" failures="2" tests="24" name="Bryne Micosite Test Cases" time="443.942" errors="0" timestamp="2021-07-06T22:51:29 IST">
  <testcase classname="com.bryne.qa.testcases.UpdateDetailsPageTest" name="@BeforeMethod setup" time="17.737">
    <failure type="org.openqa.selenium.ElementClickInterceptedException" message="element click intercepted: Element &amp;lt;div _ngcontent-gov-c7=&amp;quot;&amp;quot; class=&amp;quot;toolbarFont mnknav nav-item nav-link pointer&amp;quot; routerlinkactive=&amp;quot;&amp;quot; tabindex=&amp;quot;0&amp;quot; ng-reflect-klass=&amp;quot;toolbarFont mnknav nav-item na&amp;quot; ng-reflect-ng-class=&amp;quot;[object Object]&amp;quot; ng-reflect-router-link=&amp;quot;/myinfo&amp;quot; ng-reflect-router-link-active=&amp;quot;&amp;quot;&amp;gt;...&amp;lt;/div&amp;gt; is not clickable at point (415, 202). Other element would receive the click: &amp;lt;div _ngcontent-gov-c1=&amp;quot;&amp;quot; class=&amp;quot;bg_overlay&amp;quot; id=&amp;quot;divGlobalLoader&amp;quot;&amp;gt;...&amp;lt;/div&amp;gt;
  (Session info: chrome=91.0.4472.124)
Build info: version: &amp;apos;3.141.59&amp;apos;, revision: &amp;apos;e82be7d358&amp;apos;, time: &amp;apos;2018-11-14T08:17:03&amp;apos;
System info: host: &amp;apos;CAP-LAP-894&amp;apos;, ip: &amp;apos;192.168.43.230&amp;apos;, os.name: &amp;apos;Windows 10&amp;apos;, os.arch: &amp;apos;amd64&amp;apos;, os.version: &amp;apos;10.0&amp;apos;, java.version: &amp;apos;15.0.1&amp;apos;
Driver info: org.openqa.selenium.chrome.ChromeDriver
Capabilities {acceptInsecureCerts: false, browserName: chrome, browserVersion: 91.0.4472.124, chrome: {chromedriverVersion: 90.0.4430.24 (4c6d850f087da..., userDataDir: C:\Users\Abhishek\AppData\L...}, goog:chromeOptions: {debuggerAddress: localhost:52468}, javascriptEnabled: true, networkConnectionEnabled: false, pageLoadStrategy: normal, platform: WINDOWS, platformName: WINDOWS, proxy: Proxy(), setWindowRect: true, strictFileInteractability: false, timeouts: {implicit: 0, pageLoad: 300000, script: 30000}, unhandledPromptBehavior: dismiss and notify, webauthn:extension:largeBlob: true, webauthn:virtualAuthenticators: true}
Session ID: 506d7751b579c4ead64ae78ee6cf8d43">
      <![CDATA[org.openqa.selenium.ElementClickInterceptedException: element click intercepted: Element <div _ngcontent-gov-c7="" class="toolbarFont mnknav nav-item nav-link pointer" routerlinkactive="" tabindex="0" ng-reflect-klass="toolbarFont mnknav nav-item na" ng-reflect-ng-class="[object Object]" ng-reflect-router-link="/myinfo" ng-reflect-router-link-active="">...</div> is not clickable at point (415, 202). Other element would receive the click: <div _ngcontent-gov-c1="" class="bg_overlay" id="divGlobalLoader">...</div>
  (Session info: chrome=91.0.4472.124)
Build info: version: '3.141.59', revision: 'e82be7d358', time: '2018-11-14T08:17:03'
System info: host: 'CAP-LAP-894', ip: '192.168.43.230', os.name: 'Windows 10', os.arch: 'amd64', os.version: '10.0', java.version: '15.0.1'
Driver info: org.openqa.selenium.chrome.ChromeDriver
Capabilities {acceptInsecureCerts: false, browserName: chrome, browserVersion: 91.0.4472.124, chrome: {chromedriverVersion: 90.0.4430.24 (4c6d850f087da..., userDataDir: C:\Users\Abhishek\AppData\L...}, goog:chromeOptions: {debuggerAddress: localhost:52468}, javascriptEnabled: true, networkConnectionEnabled: false, pageLoadStrategy: normal, platform: WINDOWS, platformName: WINDOWS, proxy: Proxy(), setWindowRect: true, strictFileInteractability: false, timeouts: {implicit: 0, pageLoad: 300000, script: 30000}, unhandledPromptBehavior: dismiss and notify, webauthn:extension:largeBlob: true, webauthn:virtualAuthenticators: true}
Session ID: 506d7751b579c4ead64ae78ee6cf8d43
at org.openqa.selenium.remote.http.W3CHttpResponseCodec.createException(W3CHttpResponseCodec.java:187)
at org.openqa.selenium.remote.http.W3CHttpResponseCodec.decode(W3CHttpResponseCodec.java:122)
at org.openqa.selenium.remote.http.W3CHttpResponseCodec.decode(W3CHttpResponseCodec.java:49)
at org.openqa.selenium.remote.HttpCommandExecutor.execute(HttpCommandExecutor.java:158)
at org.openqa.selenium.remote.service.DriverCommandExecutor.execute(DriverCommandExecutor.java:83)
at org.openqa.selenium.remote.RemoteWebDriver.execute(RemoteWebDriver.java:552)
at org.openqa.selenium.remote.RemoteWebElement.execute(RemoteWebElement.java:285)
at org.openqa.selenium.remote.RemoteWebElement.click(RemoteWebElement.java:84)
at org.openqa.selenium.support.pagefactory.internal.LocatingElementHandler.invoke(LocatingElementHandler.java:51)
at com.sun.proxy.$Proxy13.click(Unknown Source)
at com.bryne.qa.pages.LandingPage.validateMyInfoLink(LandingPage.java:65)
at com.bryne.qa.testcases.UpdateDetailsPageTest.setup(UpdateDetailsPageTest.java:39)
at java.base/java.util.ArrayList.forEach(ArrayList.java:1511)
... Removed 39 stack frames]]>
    </failure>
  </testcase> <!-- @BeforeMethod setup -->
  <testcase classname="com.bryne.qa.testcases.UpdateDetailsPageTest" name="@AfterMethod aftermath" time="-1.625592089794E9">
    <skipped/>
  </testcase> <!-- @AfterMethod aftermath -->
  <testcase classname="com.bryne.qa.testcases.UpdateDetailsPageTest" name="@BeforeMethod setup" time="-1.625592089802E9">
    <skipped/>
  </testcase> <!-- @BeforeMethod setup -->
  <testcase classname="com.bryne.qa.testcases.UpdateDetailsPageTest" name="@AfterMethod aftermath" time="-1.625592089825E9">
    <skipped/>
  </testcase> <!-- @AfterMethod aftermath -->
  <testcase classname="com.bryne.qa.testcases.LoginPageTest" name="LoginLogoTest" time="0.148"/>
  <testcase classname="com.bryne.qa.testcases.LoginPageTest" name="LoginSubHeaderTest" time="0.064"/>
  <testcase classname="com.bryne.qa.testcases.LoginPageTest" name="LoginTest" time="3.437"/>
  <testcase classname="com.bryne.qa.testcases.LoginPageTest" name="LoginTitleTest" time="0.02"/>
  <testcase classname="com.bryne.qa.testcases.OtpPageTest" name="ValidateButtonEnabledTest" time="4.598"/>
  <testcase classname="com.bryne.qa.testcases.OtpPageTest" name="WithoutOTPTest" time="0.046"/>
  <testcase classname="com.bryne.qa.testcases.LandingPageTest" name="validateCheckYourStatusButtonBehavior" time="7.536"/>
  <testcase classname="com.bryne.qa.testcases.LandingPageTest" name="validateDashboardViaLinkTest" time="4.026"/>
  <testcase classname="com.bryne.qa.testcases.LandingPageTest" name="validateFAQSectionTest" time="3.332"/>
  <testcase classname="com.bryne.qa.testcases.LandingPageTest" name="validateHowCanIEarnSection" time="4.528"/>
  <testcase classname="com.bryne.qa.testcases.LandingPageTest" name="validateMyInfoViaLinkTest" time="5.939"/>
  <testcase classname="com.bryne.qa.testcases.LandingPageTest" name="validatePerksDetailsTest" time="4.548"/>
  <testcase classname="com.bryne.qa.testcases.LandingPageTest" name="validateRewardsCatalogueSection" time="4.267"/>
  <testcase classname="com.bryne.qa.testcases.LandingPageTest" name="validateWhatAreBenefitssSection" time="3.633"/>
  <testcase classname="com.bryne.qa.testcases.DashboardPageTest" name="validateOrderButtonBehaviorTest" time="4.878"/>
  <testcase classname="com.bryne.qa.testcases.DashboardPageTest" name="validateRedeemButtonBehaviorTest" time="6.439"/>
  <testcase classname="com.bryne.qa.testcases.DashboardPageTest" name="validateRewardsTable" time="1.94"/>
  <testcase classname="com.bryne.qa.testcases.DashboardPageTest" name="validateTransactionTableBeforeAndAfterLoadMoreClick" time="3.062">
    <failure type="java.lang.AssertionError" message="expected [3] but found [12]">
      <![CDATA[java.lang.AssertionError: expected [3] but found [12]
at com.bryne.qa.testcases.DashboardPageTest.validateTransactionTableBeforeAndAfterLoadMoreClick(DashboardPageTest.java:55)
at java.base/java.util.ArrayList.forEach(ArrayList.java:1511)
... Removed 33 stack frames]]>
    </failure>
  </testcase> <!-- validateTransactionTableBeforeAndAfterLoadMoreClick -->
  <testcase classname="com.bryne.qa.testcases.MyInfoPageTest" name="validateEditMyInfoButtonFunctionality" time="8.456"/>
  <testcase classname="com.bryne.qa.testcases.MyInfoPageTest" name="validateFieldValues" time="5.156">
    <failure type="java.lang.AssertionError" message="expected [Oggy] but found [Abhishek]">
      <![CDATA[java.lang.AssertionError: expected [Oggy] but found [Abhishek]
at com.bryne.qa.testcases.MyInfoPageTest.validateFieldValues(MyInfoPageTest.java:44)
at java.base/java.util.ArrayList.forEach(ArrayList.java:1511)
... Removed 33 stack frames]]>
    </failure>
  </testcase> <!-- validateFieldValues -->
  <testcase classname="com.bryne.qa.testcases.MyInfoPageTest" name="validateTitle" time="0.055"/>
  <testcase classname="com.bryne.qa.testcases.UpdateDetailsPageTest" name="validateUpdateFieldsTest" time="30.113"/>
  <testcase classname="com.bryne.qa.testcases.UpdateDetailsPageTest" name="validateUpdateFieldsTest" time="0.0">
    <skipped/>
  </testcase> <!-- validateUpdateFieldsTest -->
  <testcase classname="com.bryne.qa.testcases.UpdateDetailsPageTest" name="validateUpdateFieldsTest" time="0.0">
    <skipped/>
  </testcase> <!-- validateUpdateFieldsTest -->
</testsuite> <!-- Bryne Micosite Test Cases -->
