<!DOCTYPE html PUBLIC "-//W3C//DTD XHTML 1.1//EN" "https://www.w3.org/TR/xhtml11/DTD/xhtml11.dtd">
<html xmlns="https://www.w3.org/1999/xhtml">
<head>
<meta http-equiv="content-type" content="text/html; charset=UTF-8"/>
<title>TestNG Report</title>
<style type="text/css">table {margin-bottom:10px;border-collapse:collapse;empty-cells:show}th,td {border:1px solid #009;padding:.25em .5em}th {vertical-align:bottom}td {vertical-align:top}table a {font-weight:bold}.stripe td {background-color: #E6EBF9}.num {text-align:right}.passedodd td {background-color: #3F3}.passedeven td {background-color: #0A0}.skippedodd td {background-color: #DDD}.skippedeven td {background-color: #CCC}.failedodd td,.attn {background-color: #F33}.failedeven td,.stripe .attn {background-color: #D00}.stacktrace {white-space:pre;font-family:monospace}.totop {font-size:85%;text-align:center;border-bottom:2px solid #000}.invisible {display:none}</style>
</head>
<body>
<table>
<tr><th>Test</th><th># Passed</th><th># Skipped</th><th># Retried</th><th># Failed</th><th>Time (ms)</th><th>Included Groups</th><th>Excluded Groups</th></tr>
<tr><th colspan="8">Bryne Microsite Test Automaton Suite</th></tr>
<tr><td><a href="#t0">Bryne Micosite Test Cases</a></td><td class="num">20</td><td class="num attn">2</td><td class="num">0</td><td class="num attn">2</td><td class="num">443,942</td><td></td><td></td></tr>
</table>
<table id='summary'><thead><tr><th>Class</th><th>Method</th><th>Start</th><th>Time (ms)</th></tr></thead><tbody><tr><th colspan="4">Bryne Microsite Test Automaton Suite</th></tr></tbody><tbody id="t0"><tr><th colspan="4">Bryne Micosite Test Cases &#8212; failed (configuration methods)</th></tr><tr class="failedeven"><td rowspan="1">com.bryne.qa.testcases.UpdateDetailsPageTest</td><td><a href="#m0">setup</a></td><td rowspan="1">1625592071995</td><td rowspan="1">17737</td></tr><tr><th colspan="4">Bryne Micosite Test Cases &#8212; failed</th></tr><tr class="failedeven"><td rowspan="1">com.bryne.qa.testcases.DashboardPageTest</td><td><a href="#m1">validateTransactionTableBeforeAndAfterLoadMoreClick</a></td><td rowspan="1">1625591946704</td><td rowspan="1">3062</td></tr><tr class="failedodd"><td rowspan="1">com.bryne.qa.testcases.MyInfoPageTest</td><td><a href="#m2">validateFieldValues</a></td><td rowspan="1">1625591993037</td><td rowspan="1">5156</td></tr><tr><th colspan="4">Bryne Micosite Test Cases &#8212; skipped (configuration methods)</th></tr><tr class="skippedeven"><td rowspan="3">com.bryne.qa.testcases.UpdateDetailsPageTest</td><td><a href="#m3">aftermath</a></td><td rowspan="2">1625592089794</td><td rowspan="2">-1625592089794</td></tr><tr class="skippedeven"><td><a href="#m4">aftermath</a></td></tr><tr class="skippedeven"><td><a href="#m5">setup</a></td><td rowspan="1">1625592089802</td><td rowspan="1">-1625592089802</td></tr><tr><th colspan="4">Bryne Micosite Test Cases &#8212; skipped</th></tr><tr class="skippedeven"><td rowspan="2">com.bryne.qa.testcases.UpdateDetailsPageTest</td><td><a href="#m6">validateUpdateFieldsTest</a></td><td rowspan="2">1625592089761</td><td rowspan="2">0</td></tr><tr class="skippedeven"><td><a href="#m7">validateUpdateFieldsTest</a></td></tr><tr><th colspan="4">Bryne Micosite Test Cases &#8212; passed</th></tr><tr class="passedeven"><td rowspan="3">com.bryne.qa.testcases.DashboardPageTest</td><td><a href="#m8">validateOrderButtonBehaviorTest</a></td><td rowspan="1">1625591881193</td><td rowspan="1">4878</td></tr><tr class="passedeven"><td><a href="#m9">validateRedeemButtonBehaviorTest</a></td><td rowspan="1">1625591903568</td><td rowspan="1">6439</td></tr><tr class="passedeven"><td><a href="#m10">validateRewardsTable</a></td><td rowspan="1">1625591928344</td><td rowspan="1">1940</td></tr><tr class="passedodd"><td rowspan="8">com.bryne.qa.testcases.LandingPageTest</td><td><a href="#m11">validateCheckYourStatusButtonBehavior</a></td><td rowspan="1">1625591729635</td><td rowspan="1">7536</td></tr><tr class="passedodd"><td><a href="#m12">validateDashboardViaLinkTest</a></td><td rowspan="1">1625591750503</td><td rowspan="1">4026</td></tr><tr class="passedodd"><td><a href="#m13">validateFAQSectionTest</a></td><td rowspan="1">1625591767461</td><td rowspan="1">3332</td></tr><tr class="passedodd"><td><a href="#m14">validateHowCanIEarnSection</a></td><td rowspan="1">1625591784330</td><td rowspan="1">4528</td></tr><tr class="passedodd"><td><a href="#m15">validateMyInfoViaLinkTest</a></td><td rowspan="1">1625591801292</td><td rowspan="1">5939</td></tr><tr class="passedodd"><td><a href="#m16">validatePerksDetailsTest</a></td><td rowspan="1">1625591819986</td><td rowspan="1">4548</td></tr><tr class="passedodd"><td><a href="#m17">validateRewardsCatalogueSection</a></td><td rowspan="1">1625591838494</td><td rowspan="1">4267</td></tr><tr class="passedodd"><td><a href="#m18">validateWhatAreBenefitssSection</a></td><td rowspan="1">1625591856260</td><td rowspan="1">3633</td></tr><tr class="passedeven"><td rowspan="4">com.bryne.qa.testcases.LoginPageTest</td><td><a href="#m19">LoginLogoTest</a></td><td rowspan="1">1625591656766</td><td rowspan="1">148</td></tr><tr class="passedeven"><td><a href="#m20">LoginSubHeaderTest</a></td><td rowspan="1">1625591667457</td><td rowspan="1">64</td></tr><tr class="passedeven"><td><a href="#m21">LoginTest</a></td><td rowspan="1">1625591677898</td><td rowspan="1">3437</td></tr><tr class="passedeven"><td><a href="#m22">LoginTitleTest</a></td><td rowspan="1">1625591691318</td><td rowspan="1">20</td></tr><tr class="passedodd"><td rowspan="2">com.bryne.qa.testcases.MyInfoPageTest</td><td><a href="#m23">validateEditMyInfoButtonFunctionality</a></td><td rowspan="1">1625591966460</td><td rowspan="1">8456</td></tr><tr class="passedodd"><td><a href="#m24">validateTitle</a></td><td rowspan="1">1625592015318</td><td rowspan="1">55</td></tr><tr class="passedeven"><td rowspan="2">com.bryne.qa.testcases.OtpPageTest</td><td><a href="#m25">ValidateButtonEnabledTest</a></td><td rowspan="1">1625591703820</td><td rowspan="1">4598</td></tr><tr class="passedeven"><td><a href="#m26">WithoutOTPTest</a></td><td rowspan="1">1625591718089</td><td rowspan="1">46</td></tr><tr class="passedodd"><td rowspan="1">com.bryne.qa.testcases.UpdateDetailsPageTest</td><td><a href="#m27">validateUpdateFieldsTest</a></td><td rowspan="1">1625592040568</td><td rowspan="1">30113</td></tr></tbody>
</table>
<h2>Bryne Micosite Test Cases</h2><h3 id="m0">com.bryne.qa.testcases.UpdateDetailsPageTest#setup</h3><table class="result"><tr><th>Exception</th></tr><tr><td><div class="stacktrace">org.openqa.selenium.ElementClickInterceptedException: element click intercepted: Element &lt;div _ngcontent-gov-c7=&quot;&quot; class=&quot;toolbarFont mnknav nav-item nav-link pointer&quot; routerlinkactive=&quot;&quot; tabindex=&quot;0&quot; ng-reflect-klass=&quot;toolbarFont mnknav nav-item na&quot; ng-reflect-ng-class=&quot;[object Object]&quot; ng-reflect-router-link=&quot;/myinfo&quot; ng-reflect-router-link-active=&quot;&quot;&gt;...&lt;/div&gt; is not clickable at point (415, 202). Other element would receive the click: &lt;div _ngcontent-gov-c1=&quot;&quot; class=&quot;bg_overlay&quot; id=&quot;divGlobalLoader&quot;&gt;...&lt;/div&gt;
  (Session info: chrome=91.0.4472.124)
Build info: version: &apos;3.141.59&apos;, revision: &apos;e82be7d358&apos;, time: &apos;2018-11-14T08:17:03&apos;
System info: host: &apos;CAP-LAP-894&apos;, ip: &apos;192.168.43.230&apos;, os.name: &apos;Windows 10&apos;, os.arch: &apos;amd64&apos;, os.version: &apos;10.0&apos;, java.version: &apos;15.0.1&apos;
Driver info: org.openqa.selenium.chrome.ChromeDriver
Capabilities {acceptInsecureCerts: false, browserName: chrome, browserVersion: 91.0.4472.124, chrome: {chromedriverVersion: 90.0.4430.24 (4c6d850f087da..., userDataDir: C:\Users\Abhishek\AppData\L...}, goog:chromeOptions: {debuggerAddress: localhost:52468}, javascriptEnabled: true, networkConnectionEnabled: false, pageLoadStrategy: normal, platform: WINDOWS, platformName: WINDOWS, proxy: Proxy(), setWindowRect: true, strictFileInteractability: false, timeouts: {implicit: 0, pageLoad: 300000, script: 30000}, unhandledPromptBehavior: dismiss and notify, webauthn:extension:largeBlob: true, webauthn:virtualAuthenticators: true}
Session ID: 506d7751b579c4ead64ae78ee6cf8d43
	at org.openqa.selenium.remote.http.W3CHttpResponseCodec.createException(W3CHttpResponseCodec.java:187)
	at org.openqa.selenium.remote.http.W3CHttpResponseCodec.decode(W3CHttpResponseCodec.java:122)
	at org.openqa.selenium.remote.http.W3CHttpResponseCodec.decode(W3CHttpResponseCodec.java:49)
	at org.openqa.selenium.remote.HttpCommandExecutor.execute(HttpCommandExecutor.java:158)
	at org.openqa.selenium.remote.service.DriverCommandExecutor.execute(DriverCommandExecutor.java:83)
	at org.openqa.selenium.remote.RemoteWebDriver.execute(RemoteWebDriver.java:552)
	at org.openqa.selenium.remote.RemoteWebElement.execute(RemoteWebElement.java:285)
	at org.openqa.selenium.remote.RemoteWebElement.click(RemoteWebElement.java:84)
	at org.openqa.selenium.support.pagefactory.internal.LocatingElementHandler.invoke(LocatingElementHandler.java:51)
	at com.sun.proxy.$Proxy13.click(Unknown Source)
	at com.bryne.qa.pages.LandingPage.validateMyInfoLink(LandingPage.java:65)
	at com.bryne.qa.testcases.UpdateDetailsPageTest.setup(UpdateDetailsPageTest.java:39)
	at java.base/java.util.ArrayList.forEach(ArrayList.java:1511)
... Removed 39 stack frames</div></td></tr></table><p class="totop"><a href="#summary">back to summary</a></p>
<h3 id="m1">com.bryne.qa.testcases.DashboardPageTest#validateTransactionTableBeforeAndAfterLoadMoreClick</h3><table class="result"><tr><th>Exception</th></tr><tr><td><div class="stacktrace">java.lang.AssertionError: expected [3] but found [12]
	at com.bryne.qa.testcases.DashboardPageTest.validateTransactionTableBeforeAndAfterLoadMoreClick(DashboardPageTest.java:55)
	at java.base/java.util.ArrayList.forEach(ArrayList.java:1511)
... Removed 33 stack frames</div></td></tr></table><p class="totop"><a href="#summary">back to summary</a></p>
<h3 id="m2">com.bryne.qa.testcases.MyInfoPageTest#validateFieldValues</h3><table class="result"><tr><th>Exception</th></tr><tr><td><div class="stacktrace">java.lang.AssertionError: expected [Oggy] but found [Abhishek]
	at com.bryne.qa.testcases.MyInfoPageTest.validateFieldValues(MyInfoPageTest.java:44)
	at java.base/java.util.ArrayList.forEach(ArrayList.java:1511)
... Removed 33 stack frames</div></td></tr></table><p class="totop"><a href="#summary">back to summary</a></p>
<h3 id="m3">com.bryne.qa.testcases.UpdateDetailsPageTest#aftermath</h3><table class="result"><tr><th class="invisible"/></tr></table><p class="totop"><a href="#summary">back to summary</a></p>
<h3 id="m4">com.bryne.qa.testcases.UpdateDetailsPageTest#aftermath</h3><table class="result"><tr><th class="invisible"/></tr></table><p class="totop"><a href="#summary">back to summary</a></p>
<h3 id="m5">com.bryne.qa.testcases.UpdateDetailsPageTest#setup</h3><table class="result"><tr><th class="invisible"/></tr></table><p class="totop"><a href="#summary">back to summary</a></p>
<h3 id="m6">com.bryne.qa.testcases.UpdateDetailsPageTest#validateUpdateFieldsTest</h3><table class="result"><tr class="param"><th>Parameter #1</th><th>Parameter #2</th><th>Parameter #3</th><th>Parameter #4</th><th>Parameter #5</th><th>Parameter #6</th><th>Parameter #7</th></tr><tr class="param stripe"><td>Abhishek</td><td>Using</td><td>9.00000003E8</td><td>Bengaluru</td><td>Karnatka</td><td>300023.0</td><td>Bengaluru</td></tr><tr><th colspan="7">Exception</th></tr><tr><td colspan="7"><div class="stacktrace">org.openqa.selenium.ElementClickInterceptedException: element click intercepted: Element &lt;div _ngcontent-gov-c7=&quot;&quot; class=&quot;toolbarFont mnknav nav-item nav-link pointer&quot; routerlinkactive=&quot;&quot; tabindex=&quot;0&quot; ng-reflect-klass=&quot;toolbarFont mnknav nav-item na&quot; ng-reflect-ng-class=&quot;[object Object]&quot; ng-reflect-router-link=&quot;/myinfo&quot; ng-reflect-router-link-active=&quot;&quot;&gt;...&lt;/div&gt; is not clickable at point (415, 202). Other element would receive the click: &lt;div _ngcontent-gov-c1=&quot;&quot; class=&quot;bg_overlay&quot; id=&quot;divGlobalLoader&quot;&gt;...&lt;/div&gt;
  (Session info: chrome=91.0.4472.124)
Build info: version: &apos;3.141.59&apos;, revision: &apos;e82be7d358&apos;, time: &apos;2018-11-14T08:17:03&apos;
System info: host: &apos;CAP-LAP-894&apos;, ip: &apos;192.168.43.230&apos;, os.name: &apos;Windows 10&apos;, os.arch: &apos;amd64&apos;, os.version: &apos;10.0&apos;, java.version: &apos;15.0.1&apos;
Driver info: org.openqa.selenium.chrome.ChromeDriver
Capabilities {acceptInsecureCerts: false, browserName: chrome, browserVersion: 91.0.4472.124, chrome: {chromedriverVersion: 90.0.4430.24 (4c6d850f087da..., userDataDir: C:\Users\Abhishek\AppData\L...}, goog:chromeOptions: {debuggerAddress: localhost:52468}, javascriptEnabled: true, networkConnectionEnabled: false, pageLoadStrategy: normal, platform: WINDOWS, platformName: WINDOWS, proxy: Proxy(), setWindowRect: true, strictFileInteractability: false, timeouts: {implicit: 0, pageLoad: 300000, script: 30000}, unhandledPromptBehavior: dismiss and notify, webauthn:extension:largeBlob: true, webauthn:virtualAuthenticators: true}
Session ID: 506d7751b579c4ead64ae78ee6cf8d43
	at org.openqa.selenium.remote.http.W3CHttpResponseCodec.createException(W3CHttpResponseCodec.java:187)
	at org.openqa.selenium.remote.http.W3CHttpResponseCodec.decode(W3CHttpResponseCodec.java:122)
	at org.openqa.selenium.remote.http.W3CHttpResponseCodec.decode(W3CHttpResponseCodec.java:49)
	at org.openqa.selenium.remote.HttpCommandExecutor.execute(HttpCommandExecutor.java:158)
	at org.openqa.selenium.remote.service.DriverCommandExecutor.execute(DriverCommandExecutor.java:83)
	at org.openqa.selenium.remote.RemoteWebDriver.execute(RemoteWebDriver.java:552)
	at org.openqa.selenium.remote.RemoteWebElement.execute(RemoteWebElement.java:285)
	at org.openqa.selenium.remote.RemoteWebElement.click(RemoteWebElement.java:84)
	at org.openqa.selenium.support.pagefactory.internal.LocatingElementHandler.invoke(LocatingElementHandler.java:51)
	at com.sun.proxy.$Proxy13.click(Unknown Source)
	at com.bryne.qa.pages.LandingPage.validateMyInfoLink(LandingPage.java:65)
	at com.bryne.qa.testcases.UpdateDetailsPageTest.setup(UpdateDetailsPageTest.java:39)
	at java.base/java.util.ArrayList.forEach(ArrayList.java:1511)
... Removed 39 stack frames</div></td></tr></table><p class="totop"><a href="#summary">back to summary</a></p>
<h3 id="m7">com.bryne.qa.testcases.UpdateDetailsPageTest#validateUpdateFieldsTest</h3><table class="result"><tr class="param"><th>Parameter #1</th><th>Parameter #2</th><th>Parameter #3</th><th>Parameter #4</th><th>Parameter #5</th><th>Parameter #6</th><th>Parameter #7</th></tr><tr class="param stripe"><td>Abhishek</td><td>Using</td><td>9.00000003E8</td><td>Bengaluru</td><td>Karnatka</td><td>300023.0</td><td>Bengaluru</td></tr><tr><th colspan="7">Exception</th></tr><tr><td colspan="7"><div class="stacktrace">org.openqa.selenium.ElementClickInterceptedException: element click intercepted: Element &lt;div _ngcontent-gov-c7=&quot;&quot; class=&quot;toolbarFont mnknav nav-item nav-link pointer&quot; routerlinkactive=&quot;&quot; tabindex=&quot;0&quot; ng-reflect-klass=&quot;toolbarFont mnknav nav-item na&quot; ng-reflect-ng-class=&quot;[object Object]&quot; ng-reflect-router-link=&quot;/myinfo&quot; ng-reflect-router-link-active=&quot;&quot;&gt;...&lt;/div&gt; is not clickable at point (415, 202). Other element would receive the click: &lt;div _ngcontent-gov-c1=&quot;&quot; class=&quot;bg_overlay&quot; id=&quot;divGlobalLoader&quot;&gt;...&lt;/div&gt;
  (Session info: chrome=91.0.4472.124)
Build info: version: &apos;3.141.59&apos;, revision: &apos;e82be7d358&apos;, time: &apos;2018-11-14T08:17:03&apos;
System info: host: &apos;CAP-LAP-894&apos;, ip: &apos;192.168.43.230&apos;, os.name: &apos;Windows 10&apos;, os.arch: &apos;amd64&apos;, os.version: &apos;10.0&apos;, java.version: &apos;15.0.1&apos;
Driver info: org.openqa.selenium.chrome.ChromeDriver
Capabilities {acceptInsecureCerts: false, browserName: chrome, browserVersion: 91.0.4472.124, chrome: {chromedriverVersion: 90.0.4430.24 (4c6d850f087da..., userDataDir: C:\Users\Abhishek\AppData\L...}, goog:chromeOptions: {debuggerAddress: localhost:52468}, javascriptEnabled: true, networkConnectionEnabled: false, pageLoadStrategy: normal, platform: WINDOWS, platformName: WINDOWS, proxy: Proxy(), setWindowRect: true, strictFileInteractability: false, timeouts: {implicit: 0, pageLoad: 300000, script: 30000}, unhandledPromptBehavior: dismiss and notify, webauthn:extension:largeBlob: true, webauthn:virtualAuthenticators: true}
Session ID: 506d7751b579c4ead64ae78ee6cf8d43
	at org.openqa.selenium.remote.http.W3CHttpResponseCodec.createException(W3CHttpResponseCodec.java:187)
	at org.openqa.selenium.remote.http.W3CHttpResponseCodec.decode(W3CHttpResponseCodec.java:122)
	at org.openqa.selenium.remote.http.W3CHttpResponseCodec.decode(W3CHttpResponseCodec.java:49)
	at org.openqa.selenium.remote.HttpCommandExecutor.execute(HttpCommandExecutor.java:158)
	at org.openqa.selenium.remote.service.DriverCommandExecutor.execute(DriverCommandExecutor.java:83)
	at org.openqa.selenium.remote.RemoteWebDriver.execute(RemoteWebDriver.java:552)
	at org.openqa.selenium.remote.RemoteWebElement.execute(RemoteWebElement.java:285)
	at org.openqa.selenium.remote.RemoteWebElement.click(RemoteWebElement.java:84)
	at org.openqa.selenium.support.pagefactory.internal.LocatingElementHandler.invoke(LocatingElementHandler.java:51)
	at com.sun.proxy.$Proxy13.click(Unknown Source)
	at com.bryne.qa.pages.LandingPage.validateMyInfoLink(LandingPage.java:65)
	at com.bryne.qa.testcases.UpdateDetailsPageTest.setup(UpdateDetailsPageTest.java:39)
	at java.base/java.util.ArrayList.forEach(ArrayList.java:1511)
... Removed 39 stack frames</div></td></tr></table><p class="totop"><a href="#summary">back to summary</a></p>
<h3 id="m8">com.bryne.qa.testcases.DashboardPageTest#validateOrderButtonBehaviorTest</h3><table class="result"><tr><th class="invisible"/></tr></table><p class="totop"><a href="#summary">back to summary</a></p>
<h3 id="m9">com.bryne.qa.testcases.DashboardPageTest#validateRedeemButtonBehaviorTest</h3><table class="result"><tr><th class="invisible"/></tr></table><p class="totop"><a href="#summary">back to summary</a></p>
<h3 id="m10">com.bryne.qa.testcases.DashboardPageTest#validateRewardsTable</h3><table class="result"><tr><th class="invisible"/></tr></table><p class="totop"><a href="#summary">back to summary</a></p>
<h3 id="m11">com.bryne.qa.testcases.LandingPageTest#validateCheckYourStatusButtonBehavior</h3><table class="result"><tr><th class="invisible"/></tr></table><p class="totop"><a href="#summary">back to summary</a></p>
<h3 id="m12">com.bryne.qa.testcases.LandingPageTest#validateDashboardViaLinkTest</h3><table class="result"><tr><th class="invisible"/></tr></table><p class="totop"><a href="#summary">back to summary</a></p>
<h3 id="m13">com.bryne.qa.testcases.LandingPageTest#validateFAQSectionTest</h3><table class="result"><tr><th class="invisible"/></tr></table><p class="totop"><a href="#summary">back to summary</a></p>
<h3 id="m14">com.bryne.qa.testcases.LandingPageTest#validateHowCanIEarnSection</h3><table class="result"><tr><th class="invisible"/></tr></table><p class="totop"><a href="#summary">back to summary</a></p>
<h3 id="m15">com.bryne.qa.testcases.LandingPageTest#validateMyInfoViaLinkTest</h3><table class="result"><tr><th class="invisible"/></tr></table><p class="totop"><a href="#summary">back to summary</a></p>
<h3 id="m16">com.bryne.qa.testcases.LandingPageTest#validatePerksDetailsTest</h3><table class="result"><tr><th class="invisible"/></tr></table><p class="totop"><a href="#summary">back to summary</a></p>
<h3 id="m17">com.bryne.qa.testcases.LandingPageTest#validateRewardsCatalogueSection</h3><table class="result"><tr><th class="invisible"/></tr></table><p class="totop"><a href="#summary">back to summary</a></p>
<h3 id="m18">com.bryne.qa.testcases.LandingPageTest#validateWhatAreBenefitssSection</h3><table class="result"><tr><th class="invisible"/></tr></table><p class="totop"><a href="#summary">back to summary</a></p>
<h3 id="m19">com.bryne.qa.testcases.LoginPageTest#LoginLogoTest</h3><table class="result"><tr><th class="invisible"/></tr></table><p class="totop"><a href="#summary">back to summary</a></p>
<h3 id="m20">com.bryne.qa.testcases.LoginPageTest#LoginSubHeaderTest</h3><table class="result"><tr><th class="invisible"/></tr></table><p class="totop"><a href="#summary">back to summary</a></p>
<h3 id="m21">com.bryne.qa.testcases.LoginPageTest#LoginTest</h3><table class="result"><tr><th class="invisible"/></tr></table><p class="totop"><a href="#summary">back to summary</a></p>
<h3 id="m22">com.bryne.qa.testcases.LoginPageTest#LoginTitleTest</h3><table class="result"><tr><th class="invisible"/></tr></table><p class="totop"><a href="#summary">back to summary</a></p>
<h3 id="m23">com.bryne.qa.testcases.MyInfoPageTest#validateEditMyInfoButtonFunctionality</h3><table class="result"><tr><th class="invisible"/></tr></table><p class="totop"><a href="#summary">back to summary</a></p>
<h3 id="m24">com.bryne.qa.testcases.MyInfoPageTest#validateTitle</h3><table class="result"><tr><th class="invisible"/></tr></table><p class="totop"><a href="#summary">back to summary</a></p>
<h3 id="m25">com.bryne.qa.testcases.OtpPageTest#ValidateButtonEnabledTest</h3><table class="result"><tr><th class="invisible"/></tr></table><p class="totop"><a href="#summary">back to summary</a></p>
<h3 id="m26">com.bryne.qa.testcases.OtpPageTest#WithoutOTPTest</h3><table class="result"><tr><th class="invisible"/></tr></table><p class="totop"><a href="#summary">back to summary</a></p>
<h3 id="m27">com.bryne.qa.testcases.UpdateDetailsPageTest#validateUpdateFieldsTest</h3><table class="result"><tr class="param"><th>Parameter #1</th><th>Parameter #2</th><th>Parameter #3</th><th>Parameter #4</th><th>Parameter #5</th><th>Parameter #6</th><th>Parameter #7</th></tr><tr class="param stripe"><td>Abhishek</td><td>Using</td><td>9.00000003E8</td><td>Bengaluru</td><td>Karnatka</td><td>300023.0</td><td>Bengaluru</td></tr></table><p class="totop"><a href="#summary">back to summary</a></p>
</body>
</html>
